[2022-12-20 05:56:59,659: INFO/MainProcess] Connected to sqs://AKIAU4MDS5KUZLZASN5T:**@localhost//
[2022-12-20 05:56:59,675: CRITICAL/MainProcess] Unrecoverable error: UndefinedQueueException("Queue with name 'celery' must be defined in 'predefined_queues'.")
Traceback (most recent call last):
  File "/home/ubuntu/barcode_identifier_api/env_barcode/lib/python3.10/site-packages/kombu/transport/SQS.py", line 356, in _new_queue
    return self._queue_cache[queue]
KeyError: 'celery'

During handling of the above exception, another exception occurred:

Traceback (most recent call last):
  File "/home/ubuntu/barcode_identifier_api/env_barcode/lib/python3.10/site-packages/celery/worker/worker.py", line 203, in start
    self.blueprint.start(self)
  File "/home/ubuntu/barcode_identifier_api/env_barcode/lib/python3.10/site-packages/celery/bootsteps.py", line 116, in start
    step.start(parent)
  File "/home/ubuntu/barcode_identifier_api/env_barcode/lib/python3.10/site-packages/celery/bootsteps.py", line 365, in start
    return self.obj.start()
  File "/home/ubuntu/barcode_identifier_api/env_barcode/lib/python3.10/site-packages/celery/worker/consumer/consumer.py", line 332, in start
    blueprint.start(self)
  File "/home/ubuntu/barcode_identifier_api/env_barcode/lib/python3.10/site-packages/celery/bootsteps.py", line 116, in start
    step.start(parent)
  File "/home/ubuntu/barcode_identifier_api/env_barcode/lib/python3.10/site-packages/celery/worker/consumer/tasks.py", line 38, in start
    c.task_consumer = c.app.amqp.TaskConsumer(
  File "/home/ubuntu/barcode_identifier_api/env_barcode/lib/python3.10/site-packages/celery/app/amqp.py", line 274, in TaskConsumer
    return self.Consumer(
  File "/home/ubuntu/barcode_identifier_api/env_barcode/lib/python3.10/site-packages/kombu/messaging.py", line 387, in __init__
    self.revive(self.channel)
  File "/home/ubuntu/barcode_identifier_api/env_barcode/lib/python3.10/site-packages/kombu/messaging.py", line 409, in revive
    self.declare()
  File "/home/ubuntu/barcode_identifier_api/env_barcode/lib/python3.10/site-packages/kombu/messaging.py", line 422, in declare
    queue.declare()
  File "/home/ubuntu/barcode_identifier_api/env_barcode/lib/python3.10/site-packages/kombu/entity.py", line 606, in declare
    self._create_queue(nowait=nowait, channel=channel)
  File "/home/ubuntu/barcode_identifier_api/env_barcode/lib/python3.10/site-packages/kombu/entity.py", line 615, in _create_queue
    self.queue_declare(nowait=nowait, passive=False, channel=channel)
  File "/home/ubuntu/barcode_identifier_api/env_barcode/lib/python3.10/site-packages/kombu/entity.py", line 643, in queue_declare
    ret = channel.queue_declare(
  File "/home/ubuntu/barcode_identifier_api/env_barcode/lib/python3.10/site-packages/kombu/transport/virtual/base.py", line 522, in queue_declare
    self._new_queue(queue, **kwargs)
  File "/home/ubuntu/barcode_identifier_api/env_barcode/lib/python3.10/site-packages/kombu/transport/SQS.py", line 359, in _new_queue
    raise UndefinedQueueException((
kombu.transport.SQS.UndefinedQueueException: Queue with name 'celery' must be defined in 'predefined_queues'.
[2022-12-20 06:02:08,383: INFO/MainProcess] Connected to sqs://AKIAU4MDS5KUZLZASN5T:**@localhost//
[2022-12-20 06:02:08,566: INFO/MainProcess] worker@ip-172-31-20-221 ready.
[2022-12-20 06:02:09,654: CRITICAL/MainProcess] Unrecoverable error: JSONDecodeError('Expecting value: line 1 column 1 (char 0)')
Traceback (most recent call last):
  File "/home/ubuntu/barcode_identifier_api/env_barcode/lib/python3.10/site-packages/celery/worker/worker.py", line 203, in start
    self.blueprint.start(self)
  File "/home/ubuntu/barcode_identifier_api/env_barcode/lib/python3.10/site-packages/celery/bootsteps.py", line 116, in start
    step.start(parent)
  File "/home/ubuntu/barcode_identifier_api/env_barcode/lib/python3.10/site-packages/celery/bootsteps.py", line 365, in start
    return self.obj.start()
  File "/home/ubuntu/barcode_identifier_api/env_barcode/lib/python3.10/site-packages/celery/worker/consumer/consumer.py", line 332, in start
    blueprint.start(self)
  File "/home/ubuntu/barcode_identifier_api/env_barcode/lib/python3.10/site-packages/celery/bootsteps.py", line 116, in start
    step.start(parent)
  File "/home/ubuntu/barcode_identifier_api/env_barcode/lib/python3.10/site-packages/celery/worker/consumer/consumer.py", line 628, in start
    c.loop(*c.loop_args())
  File "/home/ubuntu/barcode_identifier_api/env_barcode/lib/python3.10/site-packages/celery/worker/loops.py", line 97, in asynloop
    next(loop)
  File "/home/ubuntu/barcode_identifier_api/env_barcode/lib/python3.10/site-packages/kombu/asynchronous/hub.py", line 362, in create_loop
    cb(*cbargs)
  File "/home/ubuntu/barcode_identifier_api/env_barcode/lib/python3.10/site-packages/kombu/asynchronous/http/curl.py", line 120, in on_readable
    return self._on_event(fd, _pycurl.CSELECT_IN)
  File "/home/ubuntu/barcode_identifier_api/env_barcode/lib/python3.10/site-packages/kombu/asynchronous/http/curl.py", line 137, in _on_event
    self._process_pending_requests()
  File "/home/ubuntu/barcode_identifier_api/env_barcode/lib/python3.10/site-packages/kombu/asynchronous/http/curl.py", line 143, in _process_pending_requests
    self._process(curl)
  File "/home/ubuntu/barcode_identifier_api/env_barcode/lib/python3.10/site-packages/kombu/asynchronous/http/curl.py", line 189, in _process
    request.on_ready(self.Response(
  File "/home/ubuntu/barcode_identifier_api/env_barcode/lib/python3.10/site-packages/vine/promises.py", line 167, in __call__
    svpending(*ca, **ck)
  File "/home/ubuntu/barcode_identifier_api/env_barcode/lib/python3.10/site-packages/vine/promises.py", line 160, in __call__
    return self.throw()
  File "/home/ubuntu/barcode_identifier_api/env_barcode/lib/python3.10/site-packages/vine/promises.py", line 157, in __call__
    retval = fun(*final_args, **final_kwargs)
  File "/home/ubuntu/barcode_identifier_api/env_barcode/lib/python3.10/site-packages/vine/funtools.py", line 98, in _transback
    return callback(ret)
  File "/home/ubuntu/barcode_identifier_api/env_barcode/lib/python3.10/site-packages/vine/promises.py", line 160, in __call__
    return self.throw()
  File "/home/ubuntu/barcode_identifier_api/env_barcode/lib/python3.10/site-packages/vine/promises.py", line 157, in __call__
    retval = fun(*final_args, **final_kwargs)
  File "/home/ubuntu/barcode_identifier_api/env_barcode/lib/python3.10/site-packages/vine/funtools.py", line 98, in _transback
    return callback(ret)
  File "/home/ubuntu/barcode_identifier_api/env_barcode/lib/python3.10/site-packages/vine/promises.py", line 160, in __call__
    return self.throw()
  File "/home/ubuntu/barcode_identifier_api/env_barcode/lib/python3.10/site-packages/vine/promises.py", line 157, in __call__
    retval = fun(*final_args, **final_kwargs)
  File "/home/ubuntu/barcode_identifier_api/env_barcode/lib/python3.10/site-packages/vine/funtools.py", line 96, in _transback
    callback.throw()
  File "/home/ubuntu/barcode_identifier_api/env_barcode/lib/python3.10/site-packages/vine/funtools.py", line 94, in _transback
    ret = filter_(*args + (ret,), **kwargs)
  File "/home/ubuntu/barcode_identifier_api/env_barcode/lib/python3.10/site-packages/kombu/transport/SQS.py", line 576, in _on_messages_ready
    msg_parsed = self._message_to_python(msg, qname, queue)
  File "/home/ubuntu/barcode_identifier_api/env_barcode/lib/python3.10/site-packages/kombu/transport/SQS.py", line 439, in _message_to_python
    payload = loads(bytes_to_str(body))
  File "/home/ubuntu/barcode_identifier_api/env_barcode/lib/python3.10/site-packages/kombu/utils/json.py", line 88, in loads
    return _loads(s)
  File "/usr/lib/python3.10/json/__init__.py", line 346, in loads
    return _default_decoder.decode(s)
  File "/usr/lib/python3.10/json/decoder.py", line 337, in decode
    obj, end = self.raw_decode(s, idx=_w(s, 0).end())
  File "/usr/lib/python3.10/json/decoder.py", line 355, in raw_decode
    raise JSONDecodeError("Expecting value", s, err.value) from None
json.decoder.JSONDecodeError: Expecting value: line 1 column 1 (char 0)
[2022-12-20 15:42:05,590: INFO/MainProcess] Connected to sqs://AKIAU4MDS5KUZLZASN5T:**@localhost//
[2022-12-20 15:42:05,790: INFO/MainProcess] worker@ip-172-31-20-221 ready.
[2022-12-20 15:49:52,297: INFO/MainProcess] Task barcode_blastn.tasks.run_blast_command[fe018ead-faec-4008-88b5-b62234abc25f] received
[2022-12-20 15:57:35,693: INFO/MainProcess] Task barcode_blastn.tasks.run_blast_command[df5bc89b-a203-4693-a3c7-31724dfd584b] received
[2022-12-20 16:16:19,831: INFO/MainProcess] Connected to sqs://AKIAU4MDS5KUZLZASN5T:**@localhost//
[2022-12-20 16:16:20,015: INFO/MainProcess] worker@ip-172-31-20-221 ready.
[2022-12-20 16:17:08,226: INFO/MainProcess] Task barcode_blastn.tasks.run_blast_command[e9543dd6-a743-4764-9f1d-af503371619b] received
[2022-12-20 16:39:57,916: INFO/MainProcess] Task barcode_blastn.tasks.run_blast_command[fe59ea7f-304c-4fce-84eb-5b650c7812a9] received
[2022-12-20 18:33:08,553: INFO/MainProcess] Task barcode_blastn.tasks.run_blast_command[e0a7db9b-d02d-4814-985d-9ef8bd9c1d55] received
[2022-12-20 18:41:34,698: INFO/MainProcess] Task barcode_blastn.tasks.run_blast_command[129c9896-dd87-440d-bdf7-30a318539c23] received
[2022-12-22 00:28:45,450: INFO/MainProcess] Task barcode_blastn.tasks.run_blast_command[fbc517a2-581e-4c48-a34f-30fdc578ba3e] received
[2022-12-22 00:50:05,349: INFO/MainProcess] Task barcode_blastn.tasks.run_blast_command[05c62c8f-a19b-4213-b063-65fc2f94e360] received
[2022-12-22 19:12:26,312: INFO/MainProcess] Task barcode_blastn.tasks.run_blast_command[f912fa51-7f17-4905-ad98-1c8c2b884a71] received
[2022-12-22 19:13:45,055: INFO/MainProcess] Task barcode_blastn.tasks.run_blast_command[e7f8e3e3-18b6-4b58-92f0-bc8963aa2e21] received
[2023-01-05 01:55:11,794: INFO/MainProcess] Connected to sqs://AKIAU4MDS5KUZLZASN5T:**@localhost//
[2023-01-05 01:55:11,817: INFO/Beat] beat: Starting...
[2023-01-05 01:55:12,074: INFO/MainProcess] worker@ip-172-31-20-221 ready.
[2023-01-05 02:02:31,610: INFO/MainProcess] beat: Shutting down...
[2023-01-05 02:26:45,526: INFO/Beat] beat: Starting...
[2023-01-05 02:26:45,613: INFO/MainProcess] Connected to sqs://AKIAU4MDS5KUZLZASN5T:**@localhost//
[2023-01-05 02:26:45,803: INFO/MainProcess] worker@ip-172-31-20-221 ready.
[2023-01-05 02:29:46,864: INFO/MainProcess] Task barcode_blastn.tasks.update_database[523f0887-e258-4fa6-9e11-fb86575e8ea6] received
[2023-01-05 02:45:54,147: INFO/MainProcess] Task barcode_blastn.tasks.run_blast_command[8d2cb734-b50a-4012-9976-57618b3242cf] received
[2023-01-05 02:47:01,664: INFO/MainProcess] beat: Shutting down...
[2023-01-05 15:20:07,115: INFO/Beat] beat: Starting...
[2023-01-05 15:20:07,231: INFO/MainProcess] Connected to sqs://AKIAU4MDS5KUZLZASN5T:**@localhost//
[2023-01-05 15:20:07,528: INFO/MainProcess] worker@ip-172-31-20-221 ready.
[2023-01-06 00:00:00,058: INFO/Beat] Scheduler: Sending due task database-scheduler (barcode_blastn.tasks.update_database)
[2023-01-06 00:00:01,100: INFO/MainProcess] Task barcode_blastn.tasks.update_database[dda4a154-f198-4810-b356-41c958a6e9f6] received
[2023-01-06 04:00:00,038: INFO/Beat] Scheduler: Sending due task celery.backend_cleanup (celery.backend_cleanup)
[2023-01-06 04:00:00,282: INFO/MainProcess] Task celery.backend_cleanup[d10e9054-53f2-4498-9d50-2e7133f9c92c] received
[2023-01-07 00:00:00,031: INFO/Beat] Scheduler: Sending due task database-scheduler (barcode_blastn.tasks.update_database)
[2023-01-07 00:00:00,555: INFO/MainProcess] Task barcode_blastn.tasks.update_database[0fd61ed4-2fa6-470a-868b-de78b34a9ca8] received
[2023-01-07 04:00:00,054: INFO/Beat] Scheduler: Sending due task celery.backend_cleanup (celery.backend_cleanup)
[2023-01-07 04:00:00,290: INFO/MainProcess] Task celery.backend_cleanup[c0335f43-ef4a-48ae-9349-13be3c3e4d4c] received
[2023-01-07 21:30:27,125: INFO/MainProcess] Task barcode_blastn.tasks.run_blast_command[f9f9dca5-d9df-4aaa-bbac-bde6db0a6010] received
[2023-01-08 00:00:00,095: INFO/Beat] Scheduler: Sending due task database-scheduler (barcode_blastn.tasks.update_database)
[2023-01-08 00:00:01,185: INFO/MainProcess] Task barcode_blastn.tasks.update_database[88b6debd-f353-4637-9f8f-6a023bf178b3] received
[2023-01-08 04:00:00,031: INFO/Beat] Scheduler: Sending due task celery.backend_cleanup (celery.backend_cleanup)
[2023-01-08 04:00:00,306: INFO/MainProcess] Task celery.backend_cleanup[cb8eff63-0d8c-467e-97b8-a421e4f59b0b] received
[2023-01-09 00:00:00,087: INFO/Beat] Scheduler: Sending due task database-scheduler (barcode_blastn.tasks.update_database)
[2023-01-09 00:00:01,011: INFO/MainProcess] Task barcode_blastn.tasks.update_database[730aa323-e343-4346-a939-2da47b7c1454] received
[2023-01-09 04:00:00,037: INFO/Beat] Scheduler: Sending due task celery.backend_cleanup (celery.backend_cleanup)
[2023-01-09 04:00:00,414: INFO/MainProcess] Task celery.backend_cleanup[e61529cc-9575-4533-a2de-1dfd4942f5ba] received
[2023-01-10 00:00:00,032: INFO/Beat] Scheduler: Sending due task database-scheduler (barcode_blastn.tasks.update_database)
[2023-01-10 00:00:00,258: INFO/MainProcess] Task barcode_blastn.tasks.update_database[7b90f61e-bb59-48f7-962f-a6428742be62] received
[2023-01-10 03:18:02,703: INFO/MainProcess] Task barcode_blastn.tasks.run_blast_command[3b443fba-ca92-4523-aed4-49e6c6f7ef12] received
[2023-01-10 04:00:00,087: INFO/Beat] Scheduler: Sending due task celery.backend_cleanup (celery.backend_cleanup)
[2023-01-10 04:00:00,248: INFO/MainProcess] Task celery.backend_cleanup[6b5e5450-1876-4fde-b989-317d19ef684b] received
[2023-01-10 04:53:04,248: INFO/MainProcess] Task barcode_blastn.tasks.run_blast_command[01d3b3b2-ee41-4e78-8d0f-1a67abf9c843] received
[2023-01-10 04:53:45,870: INFO/MainProcess] Task barcode_blastn.tasks.update_database[f6a43230-e179-4df1-b74d-fd4bb41388ec] received
[2023-01-10 05:02:17,397: INFO/MainProcess] beat: Shutting down...
[2023-01-10 05:04:31,046: INFO/Beat] beat: Starting...
[2023-01-10 05:04:31,149: INFO/MainProcess] Connected to sqs://AKIAU4MDS5KUZLZASN5T:**@localhost//
[2023-01-10 05:04:31,334: INFO/MainProcess] worker@ip-172-31-20-221 ready.
[2023-01-10 17:04:33,357: INFO/MainProcess] Task barcode_blastn.tasks.run_blast_command[d54c6378-f91f-4dc6-86b3-c1b9c19c269c] received
[2023-01-11 00:00:00,001: INFO/Beat] Scheduler: Sending due task database-scheduler (barcode_blastn.tasks.update_database)
[2023-01-11 00:00:00,682: INFO/MainProcess] Task barcode_blastn.tasks.update_database[0ce330a8-b9b1-4779-a6ba-a319e9857cd3] received
[2023-01-11 04:00:00,033: INFO/Beat] Scheduler: Sending due task celery.backend_cleanup (celery.backend_cleanup)
[2023-01-11 04:00:00,179: INFO/MainProcess] Task celery.backend_cleanup[0196f802-39ae-4f59-8026-0079c80d12fc] received
[2023-01-12 00:00:00,034: INFO/Beat] Scheduler: Sending due task database-scheduler (barcode_blastn.tasks.update_database)
[2023-01-12 00:00:00,323: INFO/MainProcess] Task barcode_blastn.tasks.update_database[30d08341-ecf5-49d8-b1ca-ec1e4a295696] received
[2023-01-12 04:00:00,047: INFO/Beat] Scheduler: Sending due task celery.backend_cleanup (celery.backend_cleanup)
[2023-01-12 04:00:00,288: INFO/MainProcess] Task celery.backend_cleanup[d61b5ee2-ea4d-49f6-b7de-61d7c9cd251e] received
[2023-01-13 00:00:00,035: INFO/Beat] Scheduler: Sending due task database-scheduler (barcode_blastn.tasks.update_database)
[2023-01-13 00:00:00,441: INFO/MainProcess] Task barcode_blastn.tasks.update_database[a9461e9c-0437-48b2-b7a7-92abe0670d3c] received
[2023-01-13 04:00:00,054: INFO/Beat] Scheduler: Sending due task celery.backend_cleanup (celery.backend_cleanup)
[2023-01-13 04:00:00,247: INFO/MainProcess] Task celery.backend_cleanup[867b0925-0502-4449-9e27-f7c6bab8b401] received
[2023-01-14 00:00:00,054: INFO/Beat] Scheduler: Sending due task database-scheduler (barcode_blastn.tasks.update_database)
[2023-01-14 00:00:00,399: INFO/MainProcess] Task barcode_blastn.tasks.update_database[713b2c82-b0e3-4738-841a-95b9bc6c630a] received
[2023-01-14 04:00:00,035: INFO/Beat] Scheduler: Sending due task celery.backend_cleanup (celery.backend_cleanup)
[2023-01-14 04:00:00,287: INFO/MainProcess] Task celery.backend_cleanup[a956b0fc-2a7f-4957-8b6c-9d9a17632417] received
[2023-01-15 00:00:00,037: INFO/Beat] Scheduler: Sending due task database-scheduler (barcode_blastn.tasks.update_database)
[2023-01-15 00:00:00,408: INFO/MainProcess] Task barcode_blastn.tasks.update_database[31376264-ffa8-44e0-9e87-5e19d3a33442] received
[2023-01-15 04:00:00,036: INFO/Beat] Scheduler: Sending due task celery.backend_cleanup (celery.backend_cleanup)
[2023-01-15 04:00:00,312: INFO/MainProcess] Task celery.backend_cleanup[7f9f69bf-cb22-45aa-9195-ab5b3195859c] received
[2023-01-16 00:00:00,036: INFO/Beat] Scheduler: Sending due task database-scheduler (barcode_blastn.tasks.update_database)
[2023-01-16 00:00:00,341: INFO/MainProcess] Task barcode_blastn.tasks.update_database[7346a413-0cb8-4bc8-8c45-dfb774bc9e3f] received
[2023-01-16 04:00:00,066: INFO/Beat] Scheduler: Sending due task celery.backend_cleanup (celery.backend_cleanup)
[2023-01-16 04:00:00,353: INFO/MainProcess] Task celery.backend_cleanup[331a9ea5-d9ad-4a77-8011-9ee14c360f6e] received
[2023-01-17 00:00:00,037: INFO/Beat] Scheduler: Sending due task database-scheduler (barcode_blastn.tasks.update_database)
[2023-01-17 00:00:00,380: INFO/MainProcess] Task barcode_blastn.tasks.update_database[ec14f697-f410-4c05-ab47-49a1e463d2d8] received
[2023-01-17 04:00:00,039: INFO/Beat] Scheduler: Sending due task celery.backend_cleanup (celery.backend_cleanup)
[2023-01-17 04:00:00,288: INFO/MainProcess] Task celery.backend_cleanup[9fb5f3af-4b87-4bd8-91bd-7e726b2c4575] received
[2023-01-18 00:00:00,054: INFO/Beat] Scheduler: Sending due task database-scheduler (barcode_blastn.tasks.update_database)
[2023-01-18 00:00:00,320: INFO/MainProcess] Task barcode_blastn.tasks.update_database[d2903d6b-a582-4606-a068-765e8b3d52a6] received
[2023-01-18 04:00:00,038: INFO/Beat] Scheduler: Sending due task celery.backend_cleanup (celery.backend_cleanup)
[2023-01-18 04:00:00,219: INFO/MainProcess] Task celery.backend_cleanup[3eb1067b-e56a-40d5-b91c-fd0b644c5c0c] received
[2023-01-19 00:00:00,090: INFO/Beat] Scheduler: Sending due task database-scheduler (barcode_blastn.tasks.update_database)
[2023-01-19 00:00:00,427: INFO/MainProcess] Task barcode_blastn.tasks.update_database[5f8af978-d0e0-4391-8f9d-6dcb342311f1] received
[2023-01-19 04:00:00,039: INFO/Beat] Scheduler: Sending due task celery.backend_cleanup (celery.backend_cleanup)
[2023-01-19 04:00:00,283: INFO/MainProcess] Task celery.backend_cleanup[fd89e2c2-7ad1-43b1-9cbf-304d1e8d1be8] received
[2023-01-20 00:00:00,087: INFO/Beat] Scheduler: Sending due task database-scheduler (barcode_blastn.tasks.update_database)
[2023-01-20 00:00:00,327: INFO/MainProcess] Task barcode_blastn.tasks.update_database[40949506-47bd-47fc-9869-46713b596b80] received
[2023-01-20 04:00:00,041: INFO/Beat] Scheduler: Sending due task celery.backend_cleanup (celery.backend_cleanup)
[2023-01-20 04:00:00,306: INFO/MainProcess] Task celery.backend_cleanup[5ba5ae7e-f94a-4e3b-af04-cd4eedcaebfd] received
[2023-01-21 00:00:00,041: INFO/Beat] Scheduler: Sending due task database-scheduler (barcode_blastn.tasks.update_database)
[2023-01-21 00:00:00,279: INFO/MainProcess] Task barcode_blastn.tasks.update_database[183b2b11-5147-4886-a9c7-f8c64cf9c1b4] received
[2023-01-21 00:34:11,727: INFO/MainProcess] Task barcode_blastn.tasks.run_blast_command[7e451d9f-cf37-4d14-989b-abb7a72c5203] received
[2023-01-21 01:47:38,063: INFO/MainProcess] Task barcode_blastn.tasks.run_blast_command[460aad97-b083-47b4-87f4-9136154e4d1f] received
[2023-01-21 04:00:00,041: INFO/Beat] Scheduler: Sending due task celery.backend_cleanup (celery.backend_cleanup)
[2023-01-21 04:00:00,289: INFO/MainProcess] Task celery.backend_cleanup[9059da32-d542-4246-93c4-89db29242f61] received
[2023-01-22 00:00:00,082: INFO/Beat] Scheduler: Sending due task database-scheduler (barcode_blastn.tasks.update_database)
[2023-01-22 00:00:00,444: INFO/MainProcess] Task barcode_blastn.tasks.update_database[c10ff75d-9574-4525-b456-52876aa9ce0e] received
[2023-01-22 04:00:00,092: INFO/Beat] Scheduler: Sending due task celery.backend_cleanup (celery.backend_cleanup)
[2023-01-22 04:00:00,347: INFO/MainProcess] Task celery.backend_cleanup[175880b7-e56e-4e5e-8a80-86b0bdcb2eb6] received
[2023-01-23 00:00:00,042: INFO/Beat] Scheduler: Sending due task database-scheduler (barcode_blastn.tasks.update_database)
[2023-01-23 00:00:00,183: INFO/MainProcess] Task barcode_blastn.tasks.update_database[4bed5c8c-249d-400e-ab79-b1933346a42b] received
[2023-01-23 04:00:00,042: INFO/Beat] Scheduler: Sending due task celery.backend_cleanup (celery.backend_cleanup)
[2023-01-23 04:00:00,337: INFO/MainProcess] Task celery.backend_cleanup[68ab7d3a-133e-4d4b-9cfc-35c59b5fbe0b] received
[2023-01-24 00:00:00,043: INFO/Beat] Scheduler: Sending due task database-scheduler (barcode_blastn.tasks.update_database)
[2023-01-24 00:00:00,282: INFO/MainProcess] Task barcode_blastn.tasks.update_database[fedf624f-1c7b-4aae-bdee-0631562ba30e] received
[2023-01-24 04:00:00,087: INFO/Beat] Scheduler: Sending due task celery.backend_cleanup (celery.backend_cleanup)
[2023-01-24 04:00:00,330: INFO/MainProcess] Task celery.backend_cleanup[3b5f5ade-c706-4f65-ad50-bed543a5f836] received
[2023-01-25 00:00:00,086: INFO/Beat] Scheduler: Sending due task database-scheduler (barcode_blastn.tasks.update_database)
[2023-01-25 00:00:00,463: INFO/MainProcess] Task barcode_blastn.tasks.update_database[97b78d0e-624f-4d2e-95e5-b268a1c1486f] received
[2023-01-25 04:00:00,055: INFO/Beat] Scheduler: Sending due task celery.backend_cleanup (celery.backend_cleanup)
[2023-01-25 04:00:00,297: INFO/MainProcess] Task celery.backend_cleanup[bbb4bbb5-5fca-4299-b602-d3fa14638e4d] received
[2023-01-26 00:00:00,044: INFO/Beat] Scheduler: Sending due task database-scheduler (barcode_blastn.tasks.update_database)
[2023-01-26 00:00:00,323: INFO/MainProcess] Task barcode_blastn.tasks.update_database[59de7544-c071-444b-b426-d8fdea3308ba] received
[2023-01-26 04:00:00,044: INFO/Beat] Scheduler: Sending due task celery.backend_cleanup (celery.backend_cleanup)
[2023-01-26 04:00:00,287: INFO/MainProcess] Task celery.backend_cleanup[1cd001f8-57fb-4464-9899-1b37f4b13855] received
[2023-01-27 00:00:00,054: INFO/Beat] Scheduler: Sending due task database-scheduler (barcode_blastn.tasks.update_database)
[2023-01-27 00:00:00,315: INFO/MainProcess] Task barcode_blastn.tasks.update_database[2ff4314b-86c2-4c8f-945a-67ed6230e232] received
[2023-01-27 04:00:00,045: INFO/Beat] Scheduler: Sending due task celery.backend_cleanup (celery.backend_cleanup)
[2023-01-27 04:00:00,346: INFO/MainProcess] Task celery.backend_cleanup[6db66b26-2417-441e-ac74-8af2a7c38e5d] received
[2023-01-28 00:00:00,045: INFO/Beat] Scheduler: Sending due task database-scheduler (barcode_blastn.tasks.update_database)
[2023-01-28 00:00:00,523: INFO/MainProcess] Task barcode_blastn.tasks.update_database[cc837b4a-261d-476d-a5fa-15cbba508e77] received
[2023-01-28 04:00:00,046: INFO/Beat] Scheduler: Sending due task celery.backend_cleanup (celery.backend_cleanup)
[2023-01-28 04:00:00,373: INFO/MainProcess] Task celery.backend_cleanup[906cb8bb-daa6-4773-8a07-8158f62f9a38] received
[2023-01-29 00:00:00,093: INFO/Beat] Scheduler: Sending due task database-scheduler (barcode_blastn.tasks.update_database)
[2023-01-29 00:00:00,342: INFO/MainProcess] Task barcode_blastn.tasks.update_database[b732d1b7-82ed-488c-b89b-219a9ab72cb6] received
[2023-01-29 04:00:00,086: INFO/Beat] Scheduler: Sending due task celery.backend_cleanup (celery.backend_cleanup)
[2023-01-29 04:00:00,332: INFO/MainProcess] Task celery.backend_cleanup[184700fc-7fe3-4fc8-9d86-fda6aa2611ff] received
[2023-01-30 00:00:00,049: INFO/Beat] Scheduler: Sending due task database-scheduler (barcode_blastn.tasks.update_database)
[2023-01-30 00:00:00,469: INFO/MainProcess] Task barcode_blastn.tasks.update_database[5d615aed-3f7b-4121-bbcf-87811944cd39] received
[2023-01-30 04:00:00,049: INFO/Beat] Scheduler: Sending due task celery.backend_cleanup (celery.backend_cleanup)
[2023-01-30 04:00:00,287: INFO/MainProcess] Task celery.backend_cleanup[4ed326b1-b921-441f-92df-c6fd063dbb43] received
[2023-01-31 00:00:00,050: INFO/Beat] Scheduler: Sending due task database-scheduler (barcode_blastn.tasks.update_database)
[2023-01-31 00:00:00,568: INFO/MainProcess] Task barcode_blastn.tasks.update_database[91778ceb-6ded-49af-b320-2e04acc8c681] received
[2023-01-31 04:00:00,050: INFO/Beat] Scheduler: Sending due task celery.backend_cleanup (celery.backend_cleanup)
[2023-01-31 04:00:00,277: INFO/MainProcess] Task celery.backend_cleanup[2c4286e1-d206-4a3d-ac2a-6cf9d32c70ee] received
[2023-02-01 00:00:00,050: INFO/Beat] Scheduler: Sending due task database-scheduler (barcode_blastn.tasks.update_database)
[2023-02-01 00:00:00,383: INFO/MainProcess] Task barcode_blastn.tasks.update_database[8144837b-7138-49e4-bbbf-26a237da2a70] received
[2023-02-01 04:00:00,050: INFO/Beat] Scheduler: Sending due task celery.backend_cleanup (celery.backend_cleanup)
[2023-02-01 04:00:00,190: INFO/MainProcess] Task celery.backend_cleanup[0ce19b20-eb3a-47fb-997c-e655cddfa65f] received
[2023-02-01 18:08:05,753: INFO/MainProcess] Task barcode_blastn.tasks.run_blast_command[15b4aa49-8634-4b50-8d8f-91f15b981941] received
[2023-02-01 18:19:44,564: INFO/MainProcess] Task barcode_blastn.tasks.run_blast_command[6cd24a94-d06a-4351-b061-bababfe83072] received
[2023-02-02 00:00:00,051: INFO/Beat] Scheduler: Sending due task database-scheduler (barcode_blastn.tasks.update_database)
[2023-02-02 00:00:00,517: INFO/MainProcess] Task barcode_blastn.tasks.update_database[12afe459-d2c2-4b7d-bb12-a8bfe9f62765] received
[2023-02-02 04:00:00,051: INFO/Beat] Scheduler: Sending due task celery.backend_cleanup (celery.backend_cleanup)
[2023-02-02 04:00:00,312: INFO/MainProcess] Task celery.backend_cleanup[2f452fb4-4e54-46d3-9b39-bc50e9f70eb0] received
[2023-02-03 00:00:00,065: INFO/Beat] Scheduler: Sending due task database-scheduler (barcode_blastn.tasks.update_database)
[2023-02-03 00:00:00,583: INFO/MainProcess] Task barcode_blastn.tasks.update_database[7afa391f-d0b0-4eec-b76b-d73bca4de018] received
[2023-02-03 04:00:00,052: INFO/Beat] Scheduler: Sending due task celery.backend_cleanup (celery.backend_cleanup)
[2023-02-03 04:00:00,382: INFO/MainProcess] Task celery.backend_cleanup[9cbd9454-63a8-44c3-8587-628e902edec2] received
[2023-02-04 00:00:00,054: INFO/Beat] Scheduler: Sending due task database-scheduler (barcode_blastn.tasks.update_database)
[2023-02-04 00:00:00,646: INFO/MainProcess] Task barcode_blastn.tasks.update_database[c8f87fd7-3598-4c47-b2d4-470501906e71] received
[2023-02-04 04:00:00,054: INFO/Beat] Scheduler: Sending due task celery.backend_cleanup (celery.backend_cleanup)
[2023-02-04 04:00:00,319: INFO/MainProcess] Task celery.backend_cleanup[59679a67-57cf-40b0-ab7d-4fe283a5b34d] received
[2023-02-05 00:00:00,055: INFO/Beat] Scheduler: Sending due task database-scheduler (barcode_blastn.tasks.update_database)
[2023-02-05 00:00:00,532: INFO/MainProcess] Task barcode_blastn.tasks.update_database[5fad2890-f82e-4c3d-a029-f0f008c358d1] received
[2023-02-05 04:00:00,092: INFO/Beat] Scheduler: Sending due task celery.backend_cleanup (celery.backend_cleanup)
[2023-02-05 04:00:00,311: INFO/MainProcess] Task celery.backend_cleanup[c3a2e643-cd39-47d0-b8d8-907a2447ca57] received
[2023-02-06 00:00:00,055: INFO/Beat] Scheduler: Sending due task database-scheduler (barcode_blastn.tasks.update_database)
[2023-02-06 00:00:00,621: INFO/MainProcess] Task barcode_blastn.tasks.update_database[7bc4e36c-14e7-4c05-85ba-2e6c285fd8ed] received
[2023-02-06 04:00:00,057: INFO/Beat] Scheduler: Sending due task celery.backend_cleanup (celery.backend_cleanup)
[2023-02-06 04:00:00,293: INFO/MainProcess] Task celery.backend_cleanup[1444dcfb-1c3a-4400-bb01-c817f35bea52] received
[2023-02-07 00:00:00,056: INFO/Beat] Scheduler: Sending due task database-scheduler (barcode_blastn.tasks.update_database)
[2023-02-07 00:00:00,352: INFO/MainProcess] Task barcode_blastn.tasks.update_database[40ffcee0-8ac7-4117-adcc-7a1619e517a7] received
[2023-02-07 00:27:18,655: INFO/MainProcess] beat: Shutting down...
[2023-02-07 17:27:09,635: INFO/MainProcess] Connected to sqs://AKIAU4MDS5KUZLZASN5T:**@localhost//
[2023-02-07 17:27:09,643: INFO/Beat] beat: Starting...
[2023-02-07 17:27:10,200: INFO/MainProcess] worker@ip-172-31-20-221 ready.
[2023-02-07 17:28:39,880: INFO/MainProcess] Task barcode_blastn.tasks.run_blast_command[451fcda0-d2dc-4571-adde-65e63b84aa52] received
[2023-02-08 00:00:00,057: INFO/Beat] Scheduler: Sending due task database-scheduler (barcode_blastn.tasks.update_database)
[2023-02-08 00:00:01,137: INFO/MainProcess] Task barcode_blastn.tasks.update_database[f59c5836-3e59-41ca-97b0-43a12324415d] received
[2023-02-08 04:00:00,086: INFO/Beat] Scheduler: Sending due task celery.backend_cleanup (celery.backend_cleanup)
[2023-02-08 04:00:00,347: INFO/MainProcess] Task celery.backend_cleanup[cc2e090f-b279-4e56-af58-2c3a40b5463c] received
[2023-02-09 00:00:00,058: INFO/Beat] Scheduler: Sending due task database-scheduler (barcode_blastn.tasks.update_database)
[2023-02-09 00:00:00,564: INFO/MainProcess] Task barcode_blastn.tasks.update_database[f5cecfe4-abdc-4526-a593-54d66560e193] received
[2023-02-09 04:00:00,058: INFO/Beat] Scheduler: Sending due task celery.backend_cleanup (celery.backend_cleanup)
[2023-02-09 04:00:00,298: INFO/MainProcess] Task celery.backend_cleanup[8629bf4c-3925-4df0-86fb-01d77a84e157] received
[2023-02-10 00:00:00,079: INFO/Beat] Scheduler: Sending due task database-scheduler (barcode_blastn.tasks.update_database)
[2023-02-10 00:00:00,765: INFO/MainProcess] Task barcode_blastn.tasks.update_database[4969bb88-43d7-4bd7-a728-58e6a82ceecd] received
[2023-02-10 04:00:00,086: INFO/Beat] Scheduler: Sending due task celery.backend_cleanup (celery.backend_cleanup)
[2023-02-10 04:00:00,316: INFO/MainProcess] Task celery.backend_cleanup[0ba52553-f64c-4f0f-be36-00beef4c468c] received
[2023-02-11 00:00:00,059: INFO/Beat] Scheduler: Sending due task database-scheduler (barcode_blastn.tasks.update_database)
[2023-02-11 00:00:00,625: INFO/MainProcess] Task barcode_blastn.tasks.update_database[2ff5f192-6688-46de-9297-3098fd659f58] received
[2023-02-11 04:00:00,077: INFO/Beat] Scheduler: Sending due task celery.backend_cleanup (celery.backend_cleanup)
[2023-02-11 04:00:00,360: INFO/MainProcess] Task celery.backend_cleanup[bc4baf6c-2f42-4a6e-9952-9c029f1338b0] received
[2023-02-12 00:00:00,087: INFO/Beat] Scheduler: Sending due task database-scheduler (barcode_blastn.tasks.update_database)
[2023-02-12 00:00:00,483: INFO/MainProcess] Task barcode_blastn.tasks.update_database[6cfbdaf7-c70a-4088-87ec-0c311e6db533] received
[2023-02-12 04:00:00,060: INFO/Beat] Scheduler: Sending due task celery.backend_cleanup (celery.backend_cleanup)
[2023-02-12 04:00:00,314: INFO/MainProcess] Task celery.backend_cleanup[314174be-5244-4512-bf48-0059ac54756f] received
[2023-02-13 00:00:00,091: INFO/Beat] Scheduler: Sending due task database-scheduler (barcode_blastn.tasks.update_database)
[2023-02-13 00:00:00,648: INFO/MainProcess] Task barcode_blastn.tasks.update_database[e6fb0665-448e-4561-aea0-b4a228f8fdfe] received
[2023-02-13 04:00:00,061: INFO/Beat] Scheduler: Sending due task celery.backend_cleanup (celery.backend_cleanup)
[2023-02-13 04:00:00,397: INFO/MainProcess] Task celery.backend_cleanup[024aee87-bc54-45b4-b3db-bfd27070c1d5] received
[2023-02-14 00:00:00,060: INFO/Beat] Scheduler: Sending due task database-scheduler (barcode_blastn.tasks.update_database)
[2023-02-14 00:00:00,371: INFO/MainProcess] Task barcode_blastn.tasks.update_database[70eadb48-d09c-42a9-8ddd-705369e32d9f] received
[2023-02-14 04:00:00,091: INFO/Beat] Scheduler: Sending due task celery.backend_cleanup (celery.backend_cleanup)
[2023-02-14 04:00:00,286: INFO/MainProcess] Task celery.backend_cleanup[64ffd6ed-3af9-4d31-a623-9e1defcdd083] received
[2023-02-14 15:24:22,166: INFO/MainProcess] Task barcode_blastn.tasks.run_blast_command[f1946659-d5c5-4920-93a4-b903ad90abc6] received
[2023-02-14 15:25:17,862: INFO/MainProcess] beat: Shutting down...
[2023-02-14 15:39:42,147: INFO/Beat] beat: Starting...
[2023-02-14 15:39:42,239: INFO/MainProcess] Connected to sqs://AKIAU4MDS5KUZLZASN5T:**@localhost//
[2023-02-14 15:39:42,784: INFO/MainProcess] worker@ip-172-31-20-221 ready.
[2023-02-14 15:50:19,967: INFO/MainProcess] Task barcode_blastn.tasks.run_blast_command[e150b666-8b9c-4afd-9592-e127cad8ce0c] received
[2023-02-14 16:24:16,982: INFO/MainProcess] Task barcode_blastn.tasks.run_blast_command[809782bc-841a-4b68-85d9-f3b36cfa0bf0] received
[2023-02-14 16:32:31,401: INFO/MainProcess] Task barcode_blastn.tasks.run_blast_command[1e74f118-3017-4134-b271-bd7442d016cf] received
[2023-02-14 18:11:50,346: INFO/MainProcess] Task barcode_blastn.tasks.run_blast_command[ba07f22a-ac53-45b2-94d3-e2fe4adce406] received
[2023-02-14 18:46:02,679: INFO/MainProcess] Task barcode_blastn.tasks.run_blast_command[9e3ca774-4d7e-4419-b8c7-7d6464fc0d28] received
[2023-02-14 19:14:26,820: INFO/MainProcess] Task barcode_blastn.tasks.run_blast_command[035e4643-7391-4f68-8562-3781993e2b71] received
[2023-02-14 19:17:21,560: INFO/MainProcess] Task barcode_blastn.tasks.run_blast_command[2daf07ce-dcf1-407c-a63f-741a36736ef5] received
[2023-02-14 19:20:01,160: INFO/MainProcess] Task barcode_blastn.tasks.run_blast_command[e6121e81-fa7c-4a13-b4b3-132c6c8b8367] received
[2023-02-14 19:22:51,989: INFO/MainProcess] Task barcode_blastn.tasks.run_blast_command[06d3c29f-7ff5-4310-8e1e-aed7a5b29b42] received
[2023-02-14 19:54:43,751: INFO/MainProcess] Task barcode_blastn.tasks.run_blast_command[4a173492-9197-4d47-a996-2384da87cf27] received
[2023-02-15 00:00:00,002: INFO/Beat] Scheduler: Sending due task database-scheduler (barcode_blastn.tasks.update_database)
[2023-02-15 00:00:00,411: INFO/MainProcess] Task barcode_blastn.tasks.update_database[670b207e-144a-4115-a572-9d97c5bfa1cf] received
[2023-02-15 04:00:00,062: INFO/Beat] Scheduler: Sending due task celery.backend_cleanup (celery.backend_cleanup)
[2023-02-15 04:00:00,417: INFO/MainProcess] Task celery.backend_cleanup[415269ce-6bc6-427f-8b7c-63f57f891a8e] received
[2023-02-16 00:00:00,087: INFO/Beat] Scheduler: Sending due task database-scheduler (barcode_blastn.tasks.update_database)
[2023-02-16 00:00:00,652: INFO/MainProcess] Task barcode_blastn.tasks.update_database[ea31f5f0-5e90-43ee-a37b-6072e614af48] received
[2023-02-16 04:00:00,062: INFO/Beat] Scheduler: Sending due task celery.backend_cleanup (celery.backend_cleanup)
[2023-02-16 04:00:00,302: INFO/MainProcess] Task celery.backend_cleanup[ac7e1c2e-6d72-4fa2-a869-f5ad8d8d6089] received
[2023-02-17 00:00:00,086: INFO/Beat] Scheduler: Sending due task database-scheduler (barcode_blastn.tasks.update_database)
[2023-02-17 00:00:00,397: INFO/MainProcess] Task barcode_blastn.tasks.update_database[89d35532-44ce-4038-9ee3-9f7f884e0fe8] received
[2023-02-17 04:00:00,063: INFO/Beat] Scheduler: Sending due task celery.backend_cleanup (celery.backend_cleanup)
[2023-02-17 04:00:00,304: INFO/MainProcess] Task celery.backend_cleanup[8a8acee6-018f-40fb-bc9f-a338fe8469af] received
[2023-02-18 00:00:00,065: INFO/Beat] Scheduler: Sending due task database-scheduler (barcode_blastn.tasks.update_database)
[2023-02-18 00:00:00,711: INFO/MainProcess] Task barcode_blastn.tasks.update_database[31c4a6e3-dd6f-4984-9ea3-b5d3de371b0b] received
[2023-02-18 04:00:00,064: INFO/Beat] Scheduler: Sending due task celery.backend_cleanup (celery.backend_cleanup)
[2023-02-18 04:00:00,310: INFO/MainProcess] Task celery.backend_cleanup[ef4a647b-e843-4b37-9802-c23e0ce88bbf] received
[2023-02-18 21:47:23,039: INFO/MainProcess] beat: Shutting down...
[2023-02-21 15:53:25,598: INFO/Beat] beat: Starting...
[2023-02-21 15:53:25,631: INFO/Beat] Scheduler: Sending due task database-scheduler (barcode_blastn.tasks.update_database)
[2023-02-21 15:53:25,763: INFO/MainProcess] Connected to sqs://AKIAU4MDS5KUZLZASN5T:**@localhost//
[2023-02-21 15:53:26,113: INFO/MainProcess] worker@ip-172-31-20-221 ready.
[2023-02-21 15:53:27,176: INFO/MainProcess] Task barcode_blastn.tasks.update_database[c9589f27-a5c4-49ac-8029-7f6e5475721e] received
[2023-02-21 17:51:25,614: INFO/MainProcess] Task barcode_blastn.tasks.run_blast_command[f78fa494-0b74-4c04-b8d5-3c1428478471] received
[2023-02-21 17:51:26,661: INFO/MainProcess] Task barcode_blastn.tasks.performAlignment[3029532c-d749-4755-9ddf-60edf90e79a6] received
[2023-02-21 19:32:54,381: INFO/MainProcess] Task barcode_blastn.tasks.run_blast_command[3f3f1a5a-c5d6-4781-b9ac-da46dc08c8bf] received
[2023-02-21 19:32:54,990: INFO/MainProcess] Task barcode_blastn.tasks.performAlignment[f7fd6a72-6596-4968-93f1-15e1d9811631] received
[2023-02-21 19:34:30,698: INFO/MainProcess] Task barcode_blastn.tasks.run_blast_command[f774a597-2715-4644-84b3-8cf2d3ce6686] received
[2023-02-21 19:34:31,156: INFO/MainProcess] Task barcode_blastn.tasks.performAlignment[9b1af237-84ca-4f63-8d09-14c5e96b6c01] received
[2023-02-22 00:00:00,065: INFO/Beat] Scheduler: Sending due task database-scheduler (barcode_blastn.tasks.update_database)
[2023-02-22 00:00:00,298: INFO/MainProcess] Task barcode_blastn.tasks.update_database[81d51f22-87a2-4f58-af04-1305742e8f3b] received
[2023-02-22 04:00:00,067: INFO/Beat] Scheduler: Sending due task celery.backend_cleanup (celery.backend_cleanup)
[2023-02-22 04:00:00,419: INFO/MainProcess] Task celery.backend_cleanup[6c522738-dd48-46c0-8680-e4f26327467e] received
[2023-02-23 00:00:00,067: INFO/Beat] Scheduler: Sending due task database-scheduler (barcode_blastn.tasks.update_database)
[2023-02-23 00:00:00,371: INFO/MainProcess] Task barcode_blastn.tasks.update_database[a9d99232-8e60-4b28-96f6-2c19b228ccab] received
[2023-02-23 04:00:00,067: INFO/Beat] Scheduler: Sending due task celery.backend_cleanup (celery.backend_cleanup)
[2023-02-23 04:00:00,345: INFO/MainProcess] Task celery.backend_cleanup[5a186b39-b43c-44e6-8599-77a35f21ddcb] received
[2023-02-24 00:00:00,068: INFO/Beat] Scheduler: Sending due task database-scheduler (barcode_blastn.tasks.update_database)
[2023-02-24 00:00:00,507: INFO/MainProcess] Task barcode_blastn.tasks.update_database[c62e691f-38b6-4cee-8112-f5f5ff93b7e4] received
[2023-02-24 04:00:00,088: INFO/Beat] Scheduler: Sending due task celery.backend_cleanup (celery.backend_cleanup)
[2023-02-24 04:00:00,333: INFO/MainProcess] Task celery.backend_cleanup[5545abb9-9c67-42fd-ba5b-8b1c9f87cfc9] received
[2023-02-25 00:00:00,069: INFO/Beat] Scheduler: Sending due task database-scheduler (barcode_blastn.tasks.update_database)
[2023-02-25 00:00:00,360: INFO/MainProcess] Task barcode_blastn.tasks.update_database[7a3e7f08-9600-4adc-ad84-70fcb2e57b13] received
[2023-02-25 04:00:00,069: INFO/Beat] Scheduler: Sending due task celery.backend_cleanup (celery.backend_cleanup)
[2023-02-25 04:00:00,217: INFO/MainProcess] Task celery.backend_cleanup[ec2b046f-ff03-48bf-a300-712bff7d36e4] received
[2023-02-25 17:52:03,147: INFO/MainProcess] Task barcode_blastn.tasks.run_blast_command[be8780af-1447-48a0-9c57-2bcce34ead47] received
[2023-02-25 17:52:03,881: INFO/MainProcess] Task barcode_blastn.tasks.performAlignment[ab0e51f9-5ae7-4c57-8e43-95d5a0c3ba3b] received
[2023-02-25 19:58:11,776: INFO/MainProcess] Task barcode_blastn.tasks.run_blast_command[40eed240-d319-4ffe-97f3-3e06e2d1930a] received
[2023-02-25 19:58:12,136: INFO/MainProcess] Task barcode_blastn.tasks.performAlignment[93642053-0467-4ba9-bf34-d21aa4bbf91d] received
[2023-02-25 19:58:49,183: INFO/MainProcess] Task barcode_blastn.tasks.run_blast_command[db63a728-2af7-433c-824d-77c1d3ccc114] received
[2023-02-25 19:58:49,419: INFO/MainProcess] Task barcode_blastn.tasks.performAlignment[9149af57-5916-4e3b-ac5f-941ba7402986] received
[2023-02-25 20:19:45,052: INFO/MainProcess] Task barcode_blastn.tasks.run_blast_command[f41d4e3b-1298-437f-87f9-3fa0b0629765] received
[2023-02-25 20:19:45,566: INFO/MainProcess] Task barcode_blastn.tasks.performAlignment[f64dcfb3-efae-4469-ba23-045c303925b1] received
[2023-02-25 20:25:13,944: INFO/MainProcess] beat: Shutting down...
[2023-02-25 20:25:17,146: INFO/Beat] beat: Starting...
[2023-02-25 20:25:17,237: INFO/MainProcess] Connected to sqs://AKIAU4MDS5KUZLZASN5T:**@localhost//
[2023-02-25 20:25:17,718: INFO/MainProcess] worker@ip-172-31-20-221 ready.
[2023-02-25 20:27:34,424: INFO/MainProcess] Task barcode_blastn.tasks.run_blast_command[eb50d273-1def-4679-aab5-3a594ebb5c52] received
[2023-02-25 20:27:35,511: INFO/MainProcess] Task barcode_blastn.tasks.performAlignment[9f33af30-d722-4488-9bd4-cf894a0b2a83] received
[2023-02-25 20:38:04,338: INFO/MainProcess] beat: Shutting down...
[2023-02-25 20:38:07,574: INFO/MainProcess] Connected to sqs://AKIAU4MDS5KUZLZASN5T:**@localhost//
[2023-02-25 20:38:07,583: INFO/Beat] beat: Starting...
[2023-02-25 20:38:07,781: INFO/MainProcess] worker@ip-172-31-20-221 ready.
[2023-02-25 20:39:29,465: INFO/MainProcess] Task barcode_blastn.tasks.run_blast_command[a5a9c7b6-ee78-46f3-ae1a-90c76fec639d] received
[2023-02-25 20:39:30,307: INFO/MainProcess] Task barcode_blastn.tasks.performAlignment[6997da55-7155-4d3e-9088-af6256d11661] received
[2023-02-25 20:44:08,473: INFO/MainProcess] Task barcode_blastn.tasks.run_blast_command[6a20bc85-fcd3-48ca-953e-ad801522d8c7] received
[2023-02-25 20:44:08,989: INFO/MainProcess] Task barcode_blastn.tasks.performAlignment[f478e38b-2aa7-456e-91e0-629192789fa5] received
[2023-02-25 20:56:08,208: INFO/MainProcess] Task barcode_blastn.tasks.run_blast_command[615d8242-bc9d-43c8-99ea-57fa8410aef2] received
[2023-02-25 20:56:08,654: INFO/MainProcess] Task barcode_blastn.tasks.performAlignment[d551ad32-1afb-4b85-82c0-b20d1e2dc359] received
[2023-02-26 00:00:00,086: INFO/Beat] Scheduler: Sending due task database-scheduler (barcode_blastn.tasks.update_database)
[2023-02-26 00:00:00,613: INFO/MainProcess] Task barcode_blastn.tasks.update_database[1c163c7c-7de4-499b-849d-556982ac38c4] received
[2023-02-26 04:00:00,086: INFO/Beat] Scheduler: Sending due task celery.backend_cleanup (celery.backend_cleanup)
[2023-02-26 04:00:00,237: INFO/MainProcess] Task celery.backend_cleanup[127cd3d9-193e-478b-979f-6c9882bb0aa3] received
[2023-02-26 23:29:09,574: INFO/MainProcess] Task barcode_blastn.tasks.run_blast_command[07174798-4497-43a7-855c-98c73a08b042] received
[2023-02-26 23:31:03,331: INFO/MainProcess] Task barcode_blastn.tasks.run_blast_command[ace45ab3-a3dd-4d8b-93aa-bc3b38a6d9e4] received
[2023-02-27 00:00:00,083: INFO/Beat] Scheduler: Sending due task database-scheduler (barcode_blastn.tasks.update_database)
[2023-02-27 00:00:00,599: INFO/MainProcess] Task barcode_blastn.tasks.update_database[ff23e432-fccb-44fd-a24b-e3202256ee3f] received
[2023-02-27 04:00:00,070: INFO/Beat] Scheduler: Sending due task celery.backend_cleanup (celery.backend_cleanup)
[2023-02-27 04:00:00,248: INFO/MainProcess] Task celery.backend_cleanup[d5316591-f73e-4e17-afc9-2fbfb1202e23] received
[2023-02-28 00:00:00,070: INFO/Beat] Scheduler: Sending due task database-scheduler (barcode_blastn.tasks.update_database)
[2023-02-28 00:00:00,483: INFO/MainProcess] Task barcode_blastn.tasks.update_database[5b969833-7e8e-4733-b8f6-74b4e4ad52af] received
[2023-02-28 04:00:00,070: INFO/Beat] Scheduler: Sending due task celery.backend_cleanup (celery.backend_cleanup)
[2023-02-28 04:00:00,242: INFO/MainProcess] Task celery.backend_cleanup[dbd71bb8-ed65-4db5-a44f-4c6ab92fdc8a] received
[2023-02-28 18:10:18,753: INFO/MainProcess] Task barcode_blastn.tasks.run_blast_command[5f05caa4-e8bc-42f4-81ec-2202e2cd662c] received
[2023-02-28 18:10:19,506: INFO/MainProcess] Task barcode_blastn.tasks.performAlignment[8c0c18b6-2595-45d6-81ff-10dea654fd93] received
[2023-03-01 00:00:00,071: INFO/Beat] Scheduler: Sending due task database-scheduler (barcode_blastn.tasks.update_database)
[2023-03-01 00:00:00,483: INFO/MainProcess] Task barcode_blastn.tasks.update_database[a5fc41cd-de5c-4189-8288-a93bd7e819ee] received
[2023-03-01 04:00:00,071: INFO/Beat] Scheduler: Sending due task celery.backend_cleanup (celery.backend_cleanup)
[2023-03-01 04:00:00,208: INFO/MainProcess] Task celery.backend_cleanup[f89a2c50-6355-42c3-a508-f699e7fa3b36] received
[2023-03-02 00:00:00,086: INFO/Beat] Scheduler: Sending due task database-scheduler (barcode_blastn.tasks.update_database)
[2023-03-02 00:00:00,484: INFO/MainProcess] Task barcode_blastn.tasks.update_database[7d057bb4-fe36-4883-84db-e49e35d87cfb] received
[2023-03-02 04:00:00,071: INFO/Beat] Scheduler: Sending due task celery.backend_cleanup (celery.backend_cleanup)
[2023-03-02 04:00:00,202: INFO/MainProcess] Task celery.backend_cleanup[a67ba122-d41d-48aa-af45-c0e0237c46b0] received
[2023-03-03 00:00:00,072: INFO/Beat] Scheduler: Sending due task database-scheduler (barcode_blastn.tasks.update_database)
[2023-03-03 00:00:00,574: INFO/MainProcess] Task barcode_blastn.tasks.update_database[ed0fa8c5-56e7-45a4-bf29-2cff9cc662a1] received
[2023-03-03 04:00:00,072: INFO/Beat] Scheduler: Sending due task celery.backend_cleanup (celery.backend_cleanup)
[2023-03-03 04:00:00,232: INFO/MainProcess] Task celery.backend_cleanup[bba8b8e2-5ead-4012-9a80-0198a19b5a5e] received
[2023-03-04 00:00:00,073: INFO/Beat] Scheduler: Sending due task database-scheduler (barcode_blastn.tasks.update_database)
[2023-03-04 00:00:00,477: INFO/MainProcess] Task barcode_blastn.tasks.update_database[871136f3-b210-4b60-8b13-0ef1307c7979] received
[2023-03-04 04:00:00,073: INFO/Beat] Scheduler: Sending due task celery.backend_cleanup (celery.backend_cleanup)
[2023-03-04 04:00:00,222: INFO/MainProcess] Task celery.backend_cleanup[5d81c8f8-75b0-49a5-bda9-47c7b60bac8d] received
[2023-03-05 00:00:00,073: INFO/Beat] Scheduler: Sending due task database-scheduler (barcode_blastn.tasks.update_database)
[2023-03-05 00:00:00,387: INFO/MainProcess] Task barcode_blastn.tasks.update_database[e4efa762-b446-4850-b41e-f01aa52aa64e] received
[2023-03-05 04:00:00,073: INFO/Beat] Scheduler: Sending due task celery.backend_cleanup (celery.backend_cleanup)
[2023-03-05 04:00:00,216: INFO/MainProcess] Task celery.backend_cleanup[7a5cbc4a-e625-4c4f-8f59-5e7a910c92ab] received
[2023-03-06 00:00:00,074: INFO/Beat] Scheduler: Sending due task database-scheduler (barcode_blastn.tasks.update_database)
[2023-03-06 00:00:00,393: INFO/MainProcess] Task barcode_blastn.tasks.update_database[5afe3773-1256-45ea-9468-f67cd2b28e29] received
[2023-03-06 04:00:00,074: INFO/Beat] Scheduler: Sending due task celery.backend_cleanup (celery.backend_cleanup)
[2023-03-06 04:00:00,209: INFO/MainProcess] Task celery.backend_cleanup[feed1184-7fb8-4463-a085-002aca9bc000] received
[2023-03-07 00:00:00,087: INFO/Beat] Scheduler: Sending due task database-scheduler (barcode_blastn.tasks.update_database)
[2023-03-07 00:00:00,383: INFO/MainProcess] Task barcode_blastn.tasks.update_database[b042c7bd-1331-4c87-9eb4-0ff38d5ce567] received
[2023-03-07 04:00:00,074: INFO/Beat] Scheduler: Sending due task celery.backend_cleanup (celery.backend_cleanup)
[2023-03-07 04:00:00,223: INFO/MainProcess] Task celery.backend_cleanup[5b6e10c4-cb9d-4fcd-8a42-08fe3f23699b] received
[2023-03-08 00:00:00,075: INFO/Beat] Scheduler: Sending due task database-scheduler (barcode_blastn.tasks.update_database)
[2023-03-08 00:00:00,486: INFO/MainProcess] Task barcode_blastn.tasks.update_database[499f90a4-9f1f-4979-b521-a906a79c1562] received
